0 info it worked if it ends with ok
1 verbose cli [ '/Users/godai/.anyenv/envs/ndenv/versions/v6.9.4/bin/node',
1 verbose cli   '/Users/godai/.anyenv/envs/ndenv/versions/v6.9.4/bin/npm',
1 verbose cli   'run',
1 verbose cli   'patch' ]
2 info using npm@3.10.10
3 info using node@v6.9.4
4 verbose run-script [ 'prepatch', 'patch', 'postpatch' ]
5 info lifecycle lookforward@0.0.0~prepatch: lookforward@0.0.0
6 silly lifecycle lookforward@0.0.0~prepatch: no script for prepatch, continuing
7 info lifecycle lookforward@0.0.0~patch: lookforward@0.0.0
8 verbose lifecycle lookforward@0.0.0~patch: unsafe-perm in lifecycle true
9 verbose lifecycle lookforward@0.0.0~patch: PATH: /Users/godai/.anyenv/envs/ndenv/versions/v6.9.4/lib/node_modules/npm/bin/node-gyp-bin:/Users/godai/projects/lookforward.js/node_modules/.bin:/Users/godai/.anyenv/envs/ndenv/versions/v6.9.4/bin:/Users/godai/.anyenv/envs/ndenv/libexec:/Users/godai/.anyenv/envs/ndenv/plugins/node-build/bin:/Users/godai/.anyenv/envs/ndenv/bin:/Users/godai/.anyenv/bin:/usr/local/bin:/usr/bin:/bin:/usr/sbin:/sbin:/Users/godai/.anyenv/envs/ndenv/shims:/Users/godai/.anyenv/envs/ndenv/bin:/Users/godai/.anyenv/bin
10 verbose lifecycle lookforward@0.0.0~patch: CWD: /Users/godai/projects/lookforward.js
11 silly lifecycle lookforward@0.0.0~patch: Args: [ '-c',
11 silly lifecycle   'npm run test && npm version patch && npm run build:js && node ./tools/index.js' ]
12 silly lifecycle lookforward@0.0.0~patch: Returned: code: 1  signal: null
13 info lifecycle lookforward@0.0.0~patch: Failed to exec patch script
14 verbose stack Error: lookforward@0.0.0 patch: `npm run test && npm version patch && npm run build:js && node ./tools/index.js`
14 verbose stack Exit status 1
14 verbose stack     at EventEmitter.<anonymous> (/Users/godai/.anyenv/envs/ndenv/versions/v6.9.4/lib/node_modules/npm/lib/utils/lifecycle.js:255:16)
14 verbose stack     at emitTwo (events.js:106:13)
14 verbose stack     at EventEmitter.emit (events.js:191:7)
14 verbose stack     at ChildProcess.<anonymous> (/Users/godai/.anyenv/envs/ndenv/versions/v6.9.4/lib/node_modules/npm/lib/utils/spawn.js:40:14)
14 verbose stack     at emitTwo (events.js:106:13)
14 verbose stack     at ChildProcess.emit (events.js:191:7)
14 verbose stack     at maybeClose (internal/child_process.js:877:16)
14 verbose stack     at Process.ChildProcess._handle.onexit (internal/child_process.js:226:5)
15 verbose pkgid lookforward@0.0.0
16 verbose cwd /Users/godai/projects/lookforward.js
17 error Darwin 16.6.0
18 error argv "/Users/godai/.anyenv/envs/ndenv/versions/v6.9.4/bin/node" "/Users/godai/.anyenv/envs/ndenv/versions/v6.9.4/bin/npm" "run" "patch"
19 error node v6.9.4
20 error npm  v3.10.10
21 error code ELIFECYCLE
22 error lookforward@0.0.0 patch: `npm run test && npm version patch && npm run build:js && node ./tools/index.js`
22 error Exit status 1
23 error Failed at the lookforward@0.0.0 patch script 'npm run test && npm version patch && npm run build:js && node ./tools/index.js'.
23 error Make sure you have the latest version of node.js and npm installed.
23 error If you do, this is most likely a problem with the lookforward package,
23 error not with npm itself.
23 error Tell the author that this fails on your system:
23 error     npm run test && npm version patch && npm run build:js && node ./tools/index.js
23 error You can get information on how to open an issue for this project with:
23 error     npm bugs lookforward
23 error Or if that isn't available, you can get their info via:
23 error     npm owner ls lookforward
23 error There is likely additional logging output above.
24 verbose exit [ 1, true ]
